RUN	ComputerWorld	computerworld	1620905798917	 	3.5.0
USER	Computer Scenario	START	1620905800901
USER	Computer Scenario	START	1620905801392
REQUEST		getComputers	1620905800925	1620905801610	OK	 
USER	Computer Scenario	START	1620905801892
REQUEST		addNewComputer	1620905801679	1620905802006	OK	 
REQUEST		getComputers	1620905801393	1620905802066	OK	 
REQUEST		postComputers	1620905802013	1620905802338	OK	 
USER	Computer Scenario	START	1620905802398
REQUEST		addNewComputer	1620905802071	1620905802399	OK	 
REQUEST		postComputers Redirect 1	1620905802352	1620905802703	OK	 
REQUEST		getComputers	1620905801893	1620905802703	OK	 
USER	Computer Scenario	END	1620905802709
REQUEST		postComputers	1620905802400	1620905802730	OK	 
USER	Computer Scenario	START	1620905802894
REQUEST		addNewComputer	1620905802706	1620905803033	OK	 
REQUEST		postComputers Redirect 1	1620905802730	1620905803072	OK	 
USER	Computer Scenario	END	1620905803074
REQUEST		getComputers	1620905802399	1620905803072	OK	 
REQUEST		postComputers	1620905803034	1620905803363	OK	 
USER	Computer Scenario	START	1620905803387
REQUEST		addNewComputer	1620905803076	1620905803421	OK	 
REQUEST		getComputers	1620905802895	1620905803568	OK	 
REQUEST		postComputers Redirect 1	1620905803364	1620905803691	OK	 
USER	Computer Scenario	END	1620905803692
REQUEST		postComputers	1620905803423	1620905803754	OK	 
USER	Computer Scenario	START	1620905803902
REQUEST		addNewComputer	1620905803576	1620905803984	OK	 
REQUEST		getComputers	1620905803387	1620905804057	OK	 
REQUEST		postComputers Redirect 1	1620905803754	1620905804087	OK	 
USER	Computer Scenario	END	1620905804089
REQUEST		postComputers	1620905803986	1620905804314	OK	 
USER	Computer Scenario	START	1620905804385
REQUEST		addNewComputer	1620905804062	1620905804401	OK	 
REQUEST		getComputers	1620905803903	1620905804577	OK	 
REQUEST		postComputers Redirect 1	1620905804314	1620905804649	OK	 
USER	Computer Scenario	END	1620905804651
REQUEST		postComputers	1620905804402	1620905804747	OK	 
USER	Computer Scenario	START	1620905804890
REQUEST		addNewComputer	1620905804578	1620905804909	OK	 
REQUEST		getComputers	1620905804386	1620905805056	OK	 
REQUEST		postComputers Redirect 1	1620905804748	1620905805077	OK	 
USER	Computer Scenario	END	1620905805078
REQUEST		postComputers	1620905804910	1620905805237	OK	 
USER	Computer Scenario	START	1620905805388
REQUEST		addNewComputer	1620905805061	1620905805393	OK	 
REQUEST		getComputers	1620905804890	1620905805556	OK	 
REQUEST		postComputers Redirect 1	1620905805238	1620905805570	OK	 
USER	Computer Scenario	END	1620905805573
REQUEST		postComputers	1620905805395	1620905805725	OK	 
USER	Computer Scenario	START	1620905805887
REQUEST		addNewComputer	1620905805560	1620905805893	OK	 
REQUEST		getComputers	1620905805389	1620905806050	OK	 
REQUEST		postComputers Redirect 1	1620905805727	1620905806055	OK	 
USER	Computer Scenario	END	1620905806057
REQUEST		postComputers	1620905805894	1620905806221	OK	 
REQUEST		addNewComputer	1620905806054	1620905806388	OK	 
USER	Computer Scenario	START	1620905806398
REQUEST		getComputers	1620905805887	1620905806538	OK	 
REQUEST		postComputers Redirect 1	1620905806221	1620905806552	OK	 
USER	Computer Scenario	END	1620905806553
REQUEST		postComputers	1620905806389	1620905806721	OK	 
REQUEST		addNewComputer	1620905806542	1620905806874	OK	 
USER	Computer Scenario	START	1620905806890
REQUEST		postComputers Redirect 1	1620905806722	1620905807049	OK	 
USER	Computer Scenario	END	1620905807052
REQUEST		getComputers	1620905806399	1620905807080	OK	 
REQUEST		postComputers	1620905806876	1620905807203	OK	 
USER	Computer Scenario	START	1620905807392
REQUEST		addNewComputer	1620905807083	1620905807413	OK	 
REQUEST		postComputers Redirect 1	1620905807204	1620905807535	OK	 
USER	Computer Scenario	END	1620905807538
REQUEST		getComputers	1620905806890	1620905807550	OK	 
REQUEST		postComputers	1620905807414	1620905807744	OK	 
REQUEST		addNewComputer	1620905807551	1620905807890	OK	 
USER	Computer Scenario	START	1620905807889
REQUEST		getComputers	1620905807393	1620905808052	OK	 
REQUEST		postComputers Redirect 1	1620905807745	1620905808073	OK	 
USER	Computer Scenario	END	1620905808074
REQUEST		postComputers	1620905807891	1620905808219	OK	 
REQUEST		addNewComputer	1620905808055	1620905808387	OK	 
USER	Computer Scenario	START	1620905808386
REQUEST		getComputers	1620905807889	1620905808541	OK	 
REQUEST		postComputers Redirect 1	1620905808220	1620905808553	OK	 
USER	Computer Scenario	END	1620905808554
REQUEST		postComputers	1620905808389	1620905808732	OK	 
REQUEST		addNewComputer	1620905808543	1620905808872	OK	 
USER	Computer Scenario	START	1620905808889
REQUEST		postComputers Redirect 1	1620905808733	1620905809153	OK	 
REQUEST		getComputers	1620905808387	1620905809154	OK	 
USER	Computer Scenario	END	1620905809155
REQUEST		postComputers	1620905808873	1620905809199	OK	 
USER	Computer Scenario	START	1620905809385
REQUEST		addNewComputer	1620905809156	1620905809486	OK	 
REQUEST		postComputers Redirect 1	1620905809200	1620905809534	OK	 
USER	Computer Scenario	END	1620905809537
REQUEST		getComputers	1620905808889	1620905809553	OK	 
REQUEST		postComputers	1620905809488	1620905809817	OK	 
REQUEST		addNewComputer	1620905809557	1620905809889	OK	 
USER	Computer Scenario	START	1620905809891
REQUEST		getComputers	1620905809385	1620905810064	OK	 
REQUEST		postComputers Redirect 1	1620905809818	1620905810145	OK	 
USER	Computer Scenario	END	1620905810147
REQUEST		postComputers	1620905809890	1620905810223	OK	 
USER	Computer Scenario	START	1620905810390
REQUEST		addNewComputer	1620905810067	1620905810401	OK	 
REQUEST		getComputers	1620905809891	1620905810545	OK	 
REQUEST		postComputers Redirect 1	1620905810224	1620905810554	OK	 
USER	Computer Scenario	END	1620905810556
REQUEST		postComputers	1620905810402	1620905810800	OK	 
REQUEST		addNewComputer	1620905810548	1620905810880	OK	 
USER	Computer Scenario	START	1620905810910
REQUEST		postComputers Redirect 1	1620905810801	1620905811135	OK	 
REQUEST		getComputers	1620905810391	1620905811133	OK	 
USER	Computer Scenario	END	1620905811137
REQUEST		postComputers	1620905810882	1620905811208	OK	 
USER	Computer Scenario	START	1620905811387
REQUEST		addNewComputer	1620905811137	1620905811465	OK	 
REQUEST		postComputers Redirect 1	1620905811209	1620905811537	OK	 
USER	Computer Scenario	END	1620905811539
REQUEST		getComputers	1620905810910	1620905811581	OK	 
USER	Computer Scenario	START	1620905811892
REQUEST		postComputers	1620905811465	1620905811903	OK	 
REQUEST		addNewComputer	1620905811583	1620905811917	OK	 
REQUEST		getComputers	1620905811388	1620905812232	OK	 
REQUEST		postComputers Redirect 1	1620905811904	1620905812233	OK	 
USER	Computer Scenario	END	1620905812234
REQUEST		postComputers	1620905811918	1620905812253	OK	 
USER	Computer Scenario	START	1620905812391
REQUEST		getComputers	1620905811893	1620905812555	OK	 
REQUEST		addNewComputer	1620905812233	1620905812570	OK	 
REQUEST		postComputers Redirect 1	1620905812253	1620905812582	OK	 
USER	Computer Scenario	END	1620905812584
USER	Computer Scenario	START	1620905812889
REQUEST		addNewComputer	1620905812557	1620905812897	OK	 
REQUEST		postComputers	1620905812572	1620905812903	OK	 
REQUEST		getComputers	1620905812392	1620905813046	OK	 
REQUEST		postComputers	1620905812898	1620905813250	OK	 
REQUEST		postComputers Redirect 1	1620905812904	1620905813250	OK	 
USER	Computer Scenario	END	1620905813253
REQUEST		addNewComputer	1620905813049	1620905813374	OK	 
USER	Computer Scenario	START	1620905813386
REQUEST		postComputers Redirect 1	1620905813251	1620905813586	OK	 
REQUEST		getComputers	1620905812890	1620905813585	OK	 
USER	Computer Scenario	END	1620905813588
REQUEST		postComputers	1620905813375	1620905813705	OK	 
USER	Computer Scenario	START	1620905813888
REQUEST		addNewComputer	1620905813588	1620905813913	OK	 
REQUEST		postComputers Redirect 1	1620905813706	1620905814070	OK	 
REQUEST		getComputers	1620905813387	1620905814070	OK	 
USER	Computer Scenario	END	1620905814072
REQUEST		postComputers	1620905813915	1620905814251	OK	 
USER	Computer Scenario	START	1620905814385
REQUEST		addNewComputer	1620905814073	1620905814409	OK	 
REQUEST		getComputers	1620905813889	1620905814580	OK	 
REQUEST		postComputers Redirect 1	1620905814252	1620905814587	OK	 
USER	Computer Scenario	END	1620905814588
REQUEST		postComputers	1620905814411	1620905814786	OK	 
USER	Computer Scenario	START	1620905814889
REQUEST		addNewComputer	1620905814583	1620905814919	OK	 
REQUEST		postComputers Redirect 1	1620905814787	1620905815133	OK	 
REQUEST		getComputers	1620905814386	1620905815133	OK	 
USER	Computer Scenario	END	1620905815134
REQUEST		postComputers	1620905814919	1620905815250	OK	 
USER	Computer Scenario	START	1620905815387
REQUEST		addNewComputer	1620905815134	1620905815463	OK	 
REQUEST		getComputers	1620905814889	1620905815546	OK	 
REQUEST		postComputers Redirect 1	1620905815251	1620905815580	OK	 
USER	Computer Scenario	END	1620905815581
REQUEST		postComputers	1620905815464	1620905815801	OK	 
REQUEST		addNewComputer	1620905815549	1620905815881	OK	 
USER	Computer Scenario	START	1620905815892
REQUEST		postComputers	1620905815883	1620905816224	OK	 
REQUEST		postComputers Redirect 1	1620905815802	1620905816224	OK	 
USER	Computer Scenario	END	1620905816226
REQUEST		getComputers	1620905815388	1620905816224	OK	 
USER	Computer Scenario	START	1620905816387
REQUEST		getComputers	1620905815892	1620905816560	OK	 
REQUEST		addNewComputer	1620905816227	1620905816561	OK	 
REQUEST		postComputers Redirect 1	1620905816225	1620905816564	OK	 
USER	Computer Scenario	END	1620905816564
USER	Computer Scenario	START	1620905816886
REQUEST		postComputers	1620905816562	1620905816889	OK	 
REQUEST		addNewComputer	1620905816562	1620905816890	OK	 
REQUEST		getComputers	1620905816387	1620905817141	OK	 
REQUEST		postComputers Redirect 1	1620905816890	1620905817217	OK	 
REQUEST		postComputers	1620905816891	1620905817218	OK	 
USER	Computer Scenario	END	1620905817218
USER	Computer Scenario	START	1620905817391
REQUEST		addNewComputer	1620905817144	1620905817481	OK	 
REQUEST		getComputers	1620905816886	1620905817542	OK	 
REQUEST		postComputers Redirect 1	1620905817219	1620905817553	OK	 
USER	Computer Scenario	END	1620905817555
REQUEST		postComputers	1620905817483	1620905817811	OK	 
REQUEST		addNewComputer	1620905817545	1620905817875	OK	 
USER	Computer Scenario	START	1620905817890
REQUEST		getComputers	1620905817392	1620905818047	OK	 
REQUEST		postComputers Redirect 1	1620905817812	1620905818137	OK	 
USER	Computer Scenario	END	1620905818138
REQUEST		postComputers	1620905817875	1620905818198	OK	 
REQUEST		addNewComputer	1620905818048	1620905818377	OK	 
USER	Computer Scenario	START	1620905818386
REQUEST		postComputers Redirect 1	1620905818198	1620905818526	OK	 
USER	Computer Scenario	END	1620905818528
REQUEST		getComputers	1620905817890	1620905818544	OK	 
REQUEST		postComputers	1620905818379	1620905818781	OK	 
REQUEST		addNewComputer	1620905818546	1620905818873	OK	 
USER	Computer Scenario	START	1620905818892
REQUEST		postComputers Redirect 1	1620905818781	1620905819106	OK	 
USER	Computer Scenario	END	1620905819108
REQUEST		getComputers	1620905818387	1620905819107	OK	 
REQUEST		postComputers	1620905818875	1620905819202	OK	 
USER	Computer Scenario	START	1620905819387
REQUEST		addNewComputer	1620905819110	1620905819442	OK	 
REQUEST		postComputers Redirect 1	1620905819202	1620905819529	OK	 
USER	Computer Scenario	END	1620905819531
REQUEST		getComputers	1620905818893	1620905819548	OK	 
REQUEST		postComputers	1620905819444	1620905819803	OK	 
REQUEST		addNewComputer	1620905819551	1620905819877	OK	 
USER	Computer Scenario	START	1620905819900
REQUEST		postComputers Redirect 1	1620905819803	1620905820134	OK	 
USER	Computer Scenario	END	1620905820135
REQUEST		getComputers	1620905819387	1620905820138	OK	 
REQUEST		postComputers	1620905819878	1620905820204	OK	 
USER	Computer Scenario	START	1620905820390
REQUEST		addNewComputer	1620905820140	1620905820471	OK	 
REQUEST		postComputers Redirect 1	1620905820205	1620905820532	OK	 
USER	Computer Scenario	END	1620905820533
REQUEST		getComputers	1620905819900	1620905820557	OK	 
REQUEST		postComputers	1620905820472	1620905820801	OK	 
USER	Computer Scenario	START	1620905820885
REQUEST		addNewComputer	1620905820558	1620905820890	OK	 
REQUEST		getComputers	1620905820390	1620905821094	OK	 
REQUEST		postComputers Redirect 1	1620905820802	1620905821148	OK	 
USER	Computer Scenario	END	1620905821149
REQUEST		postComputers	1620905820891	1620905821219	OK	 
USER	Computer Scenario	START	1620905821386
REQUEST		addNewComputer	1620905821097	1620905821426	OK	 
REQUEST		getComputers	1620905820885	1620905821536	OK	 
REQUEST		postComputers Redirect 1	1620905821220	1620905821566	OK	 
USER	Computer Scenario	END	1620905821568
REQUEST		postComputers	1620905821428	1620905821754	OK	 
REQUEST		addNewComputer	1620905821539	1620905821867	OK	 
USER	Computer Scenario	START	1620905821886
REQUEST		getComputers	1620905821386	1620905822078	OK	 
REQUEST		postComputers Redirect 1	1620905821755	1620905822084	OK	 
USER	Computer Scenario	END	1620905822084
REQUEST		postComputers	1620905821869	1620905822195	OK	 
USER	Computer Scenario	START	1620905822388
REQUEST		addNewComputer	1620905822079	1620905822411	OK	 
REQUEST		postComputers Redirect 1	1620905822196	1620905822524	OK	 
USER	Computer Scenario	END	1620905822525
REQUEST		getComputers	1620905821886	1620905822538	OK	 
REQUEST		postComputers	1620905822413	1620905822743	OK	 
REQUEST		addNewComputer	1620905822539	1620905822863	OK	 
USER	Computer Scenario	START	1620905822890
REQUEST		getComputers	1620905822388	1620905823070	OK	 
REQUEST		postComputers Redirect 1	1620905822744	1620905823075	OK	 
USER	Computer Scenario	END	1620905823076
REQUEST		postComputers	1620905822865	1620905823193	OK	 
USER	Computer Scenario	START	1620905823388
REQUEST		addNewComputer	1620905823073	1620905823405	OK	 
REQUEST		postComputers Redirect 1	1620905823194	1620905823528	OK	 
USER	Computer Scenario	END	1620905823530
REQUEST		getComputers	1620905822890	1620905823542	OK	 
REQUEST		postComputers	1620905823407	1620905823787	OK	 
REQUEST		addNewComputer	1620905823545	1620905823877	OK	 
USER	Computer Scenario	START	1620905823890
REQUEST		getComputers	1620905823388	1620905824115	OK	 
REQUEST		postComputers Redirect 1	1620905823787	1620905824120	OK	 
USER	Computer Scenario	END	1620905824120
REQUEST		postComputers	1620905823878	1620905824209	OK	 
USER	Computer Scenario	START	1620905824390
REQUEST		addNewComputer	1620905824118	1620905824469	OK	 
REQUEST		postComputers Redirect 1	1620905824210	1620905824544	OK	 
USER	Computer Scenario	END	1620905824545
REQUEST		getComputers	1620905823891	1620905824562	OK	 
REQUEST		postComputers	1620905824470	1620905824800	OK	 
USER	Computer Scenario	START	1620905824890
REQUEST		addNewComputer	1620905824565	1620905824898	OK	 
REQUEST		getComputers	1620905824391	1620905825046	OK	 
REQUEST		postComputers Redirect 1	1620905824801	1620905825141	OK	 
USER	Computer Scenario	END	1620905825142
REQUEST		postComputers	1620905824899	1620905825231	OK	 
USER	Computer Scenario	START	1620905825386
REQUEST		addNewComputer	1620905825047	1620905825395	OK	 
REQUEST		getComputers	1620905824890	1620905825544	OK	 
REQUEST		postComputers Redirect 1	1620905825231	1620905825562	OK	 
USER	Computer Scenario	END	1620905825563
REQUEST		postComputers	1620905825396	1620905825725	OK	 
REQUEST		addNewComputer	1620905825545	1620905825873	OK	 
USER	Computer Scenario	START	1620905825886
REQUEST		getComputers	1620905825386	1620905826044	OK	 
REQUEST		postComputers Redirect 1	1620905825726	1620905826056	OK	 
USER	Computer Scenario	END	1620905826057
REQUEST		postComputers	1620905825874	1620905826256	OK	 
USER	Computer Scenario	START	1620905826385
REQUEST		addNewComputer	1620905826045	1620905826404	OK	 
REQUEST		postComputers Redirect 1	1620905826257	1620905826582	OK	 
USER	Computer Scenario	END	1620905826583
REQUEST		getComputers	1620905825886	1620905826583	OK	 
REQUEST		postComputers	1620905826405	1620905826738	OK	 
USER	Computer Scenario	START	1620905826889
REQUEST		addNewComputer	1620905826584	1620905826913	OK	 
REQUEST		getComputers	1620905826385	1620905827042	OK	 
REQUEST		postComputers Redirect 1	1620905826738	1620905827068	OK	 
USER	Computer Scenario	END	1620905827070
REQUEST		postComputers	1620905826914	1620905827243	OK	 
REQUEST		addNewComputer	1620905827045	1620905827375	OK	 
USER	Computer Scenario	START	1620905827384
REQUEST		getComputers	1620905826889	1620905827564	OK	 
REQUEST		postComputers Redirect 1	1620905827244	1620905827573	OK	 
USER	Computer Scenario	END	1620905827573
REQUEST		postComputers	1620905827375	1620905827703	OK	 
USER	Computer Scenario	START	1620905827893
REQUEST		addNewComputer	1620905827566	1620905827910	OK	 
REQUEST		postComputers Redirect 1	1620905827703	1620905828098	OK	 
USER	Computer Scenario	END	1620905828100
REQUEST		getComputers	1620905827384	1620905828098	OK	 
REQUEST		postComputers	1620905827910	1620905828243	OK	 
USER	Computer Scenario	START	1620905828387
REQUEST		addNewComputer	1620905828102	1620905828492	OK	 
USER	Computer Scenario	START	1620905828900
REQUEST		postComputers Redirect 1	1620905828244	1620905828948	OK	 
REQUEST		postComputers	1620905828493	1620905828949	OK	 
USER	Computer Scenario	END	1620905828950
REQUEST		getComputers	1620905827894	1620905828948	OK	 
REQUEST		getComputers	1620905828387	1620905829347	OK	 
REQUEST		postComputers Redirect 1	1620905828950	1620905829349	OK	 
USER	Computer Scenario	END	1620905829349
REQUEST		addNewComputer	1620905828951	1620905829355	OK	 
USER	Computer Scenario	START	1620905829392
REQUEST		getComputers	1620905828901	1620905829624	OK	 
REQUEST		addNewComputer	1620905829348	1620905829678	OK	 
REQUEST		postComputers	1620905829355	1620905829690	OK	 
USER	Computer Scenario	START	1620905829895
REQUEST		addNewComputer	1620905829626	1620905829993	OK	 
REQUEST		postComputers	1620905829679	1620905830005	OK	 
REQUEST		postComputers Redirect 1	1620905829691	1620905830019	OK	 
USER	Computer Scenario	END	1620905830021
REQUEST		getComputers	1620905829392	1620905830044	OK	 
REQUEST		postComputers	1620905829994	1620905830332	OK	 
REQUEST		postComputers Redirect 1	1620905830006	1620905830335	OK	 
USER	Computer Scenario	END	1620905830335
REQUEST		addNewComputer	1620905830046	1620905830382	OK	 
USER	Computer Scenario	START	1620905830390
REQUEST		getComputers	1620905829895	1620905830569	OK	 
REQUEST		postComputers Redirect 1	1620905830333	1620905830661	OK	 
USER	Computer Scenario	END	1620905830661
REQUEST		postComputers	1620905830383	1620905830706	OK	 
USER	Computer Scenario	START	1620905830889
REQUEST		addNewComputer	1620905830570	1620905830907	OK	 
REQUEST		postComputers Redirect 1	1620905830707	1620905831035	OK	 
USER	Computer Scenario	END	1620905831037
REQUEST		getComputers	1620905830390	1620905831040	OK	 
REQUEST		postComputers	1620905830908	1620905831237	OK	 
REQUEST		addNewComputer	1620905831043	1620905831369	OK	 
USER	Computer Scenario	START	1620905831389
REQUEST		postComputers Redirect 1	1620905831238	1620905831567	OK	 
USER	Computer Scenario	END	1620905831568
REQUEST		getComputers	1620905830889	1620905831575	OK	 
REQUEST		postComputers	1620905831370	1620905831714	OK	 
USER	Computer Scenario	START	1620905831887
REQUEST		addNewComputer	1620905831578	1620905831918	OK	 
REQUEST		postComputers Redirect 1	1620905831715	1620905832064	OK	 
REQUEST		getComputers	1620905831389	1620905832063	OK	 
USER	Computer Scenario	END	1620905832065
REQUEST		postComputers	1620905831919	1620905832266	OK	 
USER	Computer Scenario	START	1620905832385
REQUEST		addNewComputer	1620905832066	1620905832397	OK	 
REQUEST		getComputers	1620905831887	1620905832558	OK	 
REQUEST		postComputers Redirect 1	1620905832267	1620905832615	OK	 
USER	Computer Scenario	END	1620905832617
REQUEST		postComputers	1620905832399	1620905832724	OK	 
USER	Computer Scenario	START	1620905832891
REQUEST		addNewComputer	1620905832561	1620905832903	OK	 
REQUEST		postComputers Redirect 1	1620905832724	1620905833056	OK	 
USER	Computer Scenario	END	1620905833058
REQUEST		getComputers	1620905832385	1620905833060	OK	 
REQUEST		postComputers	1620905832904	1620905833235	OK	 
USER	Computer Scenario	START	1620905833386
REQUEST		addNewComputer	1620905833062	1620905833398	OK	 
REQUEST		getComputers	1620905832891	1620905833546	OK	 
REQUEST		postComputers Redirect 1	1620905833236	1620905833567	OK	 
USER	Computer Scenario	END	1620905833568
REQUEST		postComputers	1620905833398	1620905833727	OK	 
REQUEST		addNewComputer	1620905833549	1620905833883	OK	 
USER	Computer Scenario	START	1620905833904
REQUEST		getComputers	1620905833387	1620905834043	OK	 
REQUEST		postComputers Redirect 1	1620905833728	1620905834057	OK	 
USER	Computer Scenario	END	1620905834059
REQUEST		postComputers	1620905833884	1620905834218	OK	 
REQUEST		addNewComputer	1620905834045	1620905834377	OK	 
USER	Computer Scenario	START	1620905834391
REQUEST		postComputers Redirect 1	1620905834219	1620905834551	OK	 
USER	Computer Scenario	END	1620905834552
REQUEST		getComputers	1620905833904	1620905834559	OK	 
REQUEST		postComputers	1620905834378	1620905834727	OK	 
USER	Computer Scenario	START	1620905834887
REQUEST		addNewComputer	1620905834561	1620905834889	OK	 
REQUEST		postComputers Redirect 1	1620905834728	1620905835163	OK	 
USER	Computer Scenario	END	1620905835165
REQUEST		getComputers	1620905834391	1620905835163	OK	 
REQUEST		postComputers	1620905834890	1620905835217	OK	 
USER	Computer Scenario	START	1620905835389
REQUEST		addNewComputer	1620905835166	1620905835494	OK	 
REQUEST		getComputers	1620905834888	1620905835541	OK	 
REQUEST		postComputers Redirect 1	1620905835218	1620905835547	OK	 
USER	Computer Scenario	END	1620905835547
REQUEST		postComputers	1620905835494	1620905835823	OK	 
REQUEST		addNewComputer	1620905835542	1620905835874	OK	 
USER	Computer Scenario	START	1620905835888
REQUEST		getComputers	1620905835389	1620905836050	OK	 
REQUEST		postComputers Redirect 1	1620905835824	1620905836152	OK	 
USER	Computer Scenario	END	1620905836154
REQUEST		postComputers	1620905835875	1620905836206	OK	 
USER	Computer Scenario	START	1620905836389
REQUEST		addNewComputer	1620905836052	1620905836393	OK	 
REQUEST		postComputers Redirect 1	1620905836207	1620905836533	OK	 
USER	Computer Scenario	END	1620905836535
REQUEST		getComputers	1620905835889	1620905836551	OK	 
REQUEST		postComputers	1620905836394	1620905836800	OK	 
USER	Computer Scenario	START	1620905836885
REQUEST		addNewComputer	1620905836556	1620905836888	OK	 
REQUEST		getComputers	1620905836390	1620905837133	OK	 
REQUEST		postComputers Redirect 1	1620905836801	1620905837139	OK	 
USER	Computer Scenario	END	1620905837141
REQUEST		postComputers	1620905836889	1620905837218	OK	 
USER	Computer Scenario	START	1620905837391
REQUEST		addNewComputer	1620905837136	1620905837462	OK	 
REQUEST		getComputers	1620905836885	1620905837551	OK	 
REQUEST		postComputers Redirect 1	1620905837219	1620905837553	OK	 
USER	Computer Scenario	END	1620905837554
REQUEST		postComputers	1620905837464	1620905837824	OK	 
REQUEST		addNewComputer	1620905837554	1620905837883	OK	 
USER	Computer Scenario	START	1620905837899
REQUEST		postComputers Redirect 1	1620905837824	1620905838156	OK	 
USER	Computer Scenario	END	1620905838158
REQUEST		getComputers	1620905837391	1620905838157	OK	 
REQUEST		postComputers	1620905837884	1620905838213	OK	 
USER	Computer Scenario	START	1620905838393
REQUEST		addNewComputer	1620905838160	1620905838486	OK	 
REQUEST		postComputers Redirect 1	1620905838214	1620905838551	OK	 
USER	Computer Scenario	END	1620905838553
REQUEST		getComputers	1620905837900	1620905838561	OK	 
REQUEST		postComputers	1620905838487	1620905838816	OK	 
USER	Computer Scenario	START	1620905838887
REQUEST		addNewComputer	1620905838563	1620905838894	OK	 
REQUEST		getComputers	1620905838393	1620905839048	OK	 
REQUEST		postComputers Redirect 1	1620905838817	1620905839143	OK	 
USER	Computer Scenario	END	1620905839144
REQUEST		postComputers	1620905838895	1620905839223	OK	 
REQUEST		addNewComputer	1620905839051	1620905839381	OK	 
USER	Computer Scenario	START	1620905839390
REQUEST		getComputers	1620905838887	1620905839539	OK	 
REQUEST		postComputers Redirect 1	1620905839223	1620905839553	OK	 
USER	Computer Scenario	END	1620905839554
REQUEST		postComputers	1620905839382	1620905839769	OK	 
REQUEST		addNewComputer	1620905839541	1620905839868	OK	 
USER	Computer Scenario	START	1620905839890
REQUEST		getComputers	1620905839390	1620905840096	OK	 
REQUEST		postComputers Redirect 1	1620905839770	1620905840099	OK	 
USER	Computer Scenario	END	1620905840100
REQUEST		postComputers	1620905839869	1620905840198	OK	 
USER	Computer Scenario	START	1620905840387
REQUEST		addNewComputer	1620905840097	1620905840433	OK	 
REQUEST		postComputers Redirect 1	1620905840199	1620905840523	OK	 
USER	Computer Scenario	END	1620905840524
REQUEST		getComputers	1620905839890	1620905840545	OK	 
REQUEST		postComputers	1620905840434	1620905840795	OK	 
REQUEST		addNewComputer	1620905840546	1620905840872	OK	 
USER	Computer Scenario	START	1620905840909
REQUEST		getComputers	1620905840387	1620905841119	OK	 
REQUEST		postComputers Redirect 1	1620905840796	1620905841127	OK	 
USER	Computer Scenario	END	1620905841129
REQUEST		postComputers	1620905840873	1620905841199	OK	 
USER	Computer Scenario	START	1620905841389
REQUEST		addNewComputer	1620905841121	1620905841452	OK	 
REQUEST		postComputers Redirect 1	1620905841200	1620905841525	OK	 
USER	Computer Scenario	END	1620905841526
REQUEST		getComputers	1620905840910	1620905841561	OK	 
REQUEST		postComputers	1620905841454	1620905841830	OK	 
REQUEST		addNewComputer	1620905841563	1620905841887	OK	 
USER	Computer Scenario	START	1620905841887
REQUEST		postComputers Redirect 1	1620905841830	1620905842229	OK	 
REQUEST		postComputers	1620905841888	1620905842230	OK	 
USER	Computer Scenario	END	1620905842231
REQUEST		getComputers	1620905841389	1620905842229	OK	 
USER	Computer Scenario	START	1620905842390
REQUEST		addNewComputer	1620905842232	1620905842639	OK	 
REQUEST		postComputers Redirect 1	1620905842230	1620905842639	OK	 
REQUEST		getComputers	1620905841887	1620905842639	OK	 
USER	Computer Scenario	END	1620905842641
USER	Computer Scenario	START	1620905842889
REQUEST		postComputers	1620905842640	1620905842970	OK	 
REQUEST		addNewComputer	1620905842641	1620905842974	OK	 
REQUEST		getComputers	1620905842391	1620905843047	OK	 
REQUEST		postComputers Redirect 1	1620905842971	1620905843297	OK	 
USER	Computer Scenario	END	1620905843298
REQUEST		postComputers	1620905842976	1620905843304	OK	 
REQUEST		addNewComputer	1620905843048	1620905843377	OK	 
USER	Computer Scenario	START	1620905843387
REQUEST		getComputers	1620905842889	1620905843582	OK	 
REQUEST		postComputers Redirect 1	1620905843305	1620905843629	OK	 
USER	Computer Scenario	END	1620905843630
REQUEST		postComputers	1620905843377	1620905843705	OK	 
USER	Computer Scenario	START	1620905843910
REQUEST		addNewComputer	1620905843583	1620905843918	OK	 
REQUEST		postComputers Redirect 1	1620905843706	1620905844031	OK	 
USER	Computer Scenario	END	1620905844032
REQUEST		getComputers	1620905843387	1620905844039	OK	 
REQUEST		postComputers	1620905843920	1620905844252	OK	 
REQUEST		addNewComputer	1620905844041	1620905844370	OK	 
USER	Computer Scenario	START	1620905844391
REQUEST		getComputers	1620905843911	1620905844569	OK	 
REQUEST		postComputers Redirect 1	1620905844253	1620905844584	OK	 
USER	Computer Scenario	END	1620905844585
REQUEST		postComputers	1620905844371	1620905844697	OK	 
USER	Computer Scenario	START	1620905844886
REQUEST		addNewComputer	1620905844570	1620905844899	OK	 
REQUEST		postComputers Redirect 1	1620905844698	1620905845096	OK	 
USER	Computer Scenario	END	1620905845097
REQUEST		getComputers	1620905844391	1620905845097	OK	 
REQUEST		postComputers	1620905844901	1620905845228	OK	 
USER	Computer Scenario	START	1620905845391
REQUEST		addNewComputer	1620905845099	1620905845432	OK	 
REQUEST		getComputers	1620905844887	1620905845537	OK	 
REQUEST		postComputers Redirect 1	1620905845229	1620905845576	OK	 
USER	Computer Scenario	END	1620905845578
REQUEST		postComputers	1620905845433	1620905845813	OK	 
REQUEST		addNewComputer	1620905845539	1620905845867	OK	 
USER	Computer Scenario	START	1620905845890
REQUEST		postComputers	1620905845868	1620905846226	OK	 
REQUEST		postComputers Redirect 1	1620905845813	1620905846226	OK	 
USER	Computer Scenario	END	1620905846227
REQUEST		getComputers	1620905845391	1620905846226	OK	 
USER	Computer Scenario	START	1620905846386
REQUEST		addNewComputer	1620905846228	1620905846632	OK	 
REQUEST		postComputers Redirect 1	1620905846227	1620905846633	OK	 
REQUEST		getComputers	1620905845890	1620905846632	OK	 
USER	Computer Scenario	END	1620905846634
USER	Computer Scenario	START	1620905846888
REQUEST		postComputers	1620905846634	1620905846961	OK	 
REQUEST		addNewComputer	1620905846635	1620905846968	OK	 
REQUEST		getComputers	1620905846387	1620905847046	OK	 
REQUEST		postComputers Redirect 1	1620905846961	1620905847292	OK	 
USER	Computer Scenario	END	1620905847294
REQUEST		postComputers	1620905846968	1620905847297	OK	 
REQUEST		addNewComputer	1620905847048	1620905847378	OK	 
USER	Computer Scenario	START	1620905847394
REQUEST		getComputers	1620905846888	1620905847570	OK	 
REQUEST		postComputers Redirect 1	1620905847298	1620905847631	OK	 
USER	Computer Scenario	END	1620905847632
REQUEST		postComputers	1620905847379	1620905847708	OK	 
USER	Computer Scenario	START	1620905847889
REQUEST		addNewComputer	1620905847572	1620905847899	OK	 
REQUEST		postComputers Redirect 1	1620905847709	1620905848050	OK	 
USER	Computer Scenario	END	1620905848052
REQUEST		getComputers	1620905847394	1620905848064	OK	 
REQUEST		postComputers	1620905847899	1620905848225	OK	 
USER	Computer Scenario	START	1620905848388
REQUEST		addNewComputer	1620905848067	1620905848397	OK	 
REQUEST		postComputers Redirect 1	1620905848226	1620905848578	OK	 
REQUEST		getComputers	1620905847889	1620905848578	OK	 
USER	Computer Scenario	END	1620905848578
REQUEST		postComputers	1620905848398	1620905848732	OK	 
USER	Computer Scenario	START	1620905848886
REQUEST		addNewComputer	1620905848579	1620905848914	OK	 
REQUEST		getComputers	1620905848389	1620905849049	OK	 
REQUEST		postComputers Redirect 1	1620905848733	1620905849064	OK	 
USER	Computer Scenario	END	1620905849065
REQUEST		postComputers	1620905848915	1620905849294	OK	 
REQUEST		addNewComputer	1620905849051	1620905849382	OK	 
USER	Computer Scenario	START	1620905849397
REQUEST		postComputers Redirect 1	1620905849295	1620905849624	OK	 
USER	Computer Scenario	END	1620905849626
REQUEST		getComputers	1620905848887	1620905849625	OK	 
REQUEST		postComputers	1620905849383	1620905849724	OK	 
USER	Computer Scenario	START	1620905849893
REQUEST		addNewComputer	1620905849628	1620905849962	OK	 
REQUEST		postComputers Redirect 1	1620905849725	1620905850065	OK	 
USER	Computer Scenario	END	1620905850066
REQUEST		getComputers	1620905849398	1620905850071	OK	 
REQUEST		postComputers	1620905849964	1620905850294	OK	 
USER	Computer Scenario	START	1620905850390
REQUEST		addNewComputer	1620905850073	1620905850407	OK	 
REQUEST		getComputers	1620905849893	1620905850624	OK	 
REQUEST		postComputers Redirect 1	1620905850295	1620905850624	OK	 
USER	Computer Scenario	END	1620905850625
REQUEST		postComputers	1620905850408	1620905850735	OK	 
USER	Computer Scenario	START	1620905850900
REQUEST		addNewComputer	1620905850625	1620905850957	OK	 
REQUEST		getComputers	1620905850391	1620905851048	OK	 
REQUEST		postComputers Redirect 1	1620905850735	1620905851066	OK	 
USER	Computer Scenario	END	1620905851068
REQUEST		postComputers	1620905850958	1620905851293	OK	 
REQUEST		addNewComputer	1620905851050	1620905851382	OK	 
USER	Computer Scenario	START	1620905851395
REQUEST		getComputers	1620905850900	1620905851583	OK	 
REQUEST		postComputers Redirect 1	1620905851294	1620905851624	OK	 
USER	Computer Scenario	END	1620905851624
REQUEST		postComputers	1620905851383	1620905851712	OK	 
USER	Computer Scenario	START	1620905851910
REQUEST		addNewComputer	1620905851585	1620905851913	OK	 
REQUEST		postComputers Redirect 1	1620905851713	1620905852038	OK	 
USER	Computer Scenario	END	1620905852039
REQUEST		getComputers	1620905851396	1620905852047	OK	 
REQUEST		postComputers	1620905851914	1620905852241	OK	 
USER	Computer Scenario	START	1620905852392
REQUEST		addNewComputer	1620905852048	1620905852401	OK	 
REQUEST		getComputers	1620905851911	1620905852570	OK	 
REQUEST		postComputers Redirect 1	1620905852242	1620905852578	OK	 
USER	Computer Scenario	END	1620905852578
REQUEST		postComputers	1620905852402	1620905852774	OK	 
USER	Computer Scenario	START	1620905852893
REQUEST		addNewComputer	1620905852572	1620905852902	OK	 
REQUEST		postComputers Redirect 1	1620905852775	1620905853117	OK	 
USER	Computer Scenario	END	1620905853118
REQUEST		getComputers	1620905852392	1620905853117	OK	 
REQUEST		postComputers	1620905852903	1620905853233	OK	 
USER	Computer Scenario	START	1620905853386
REQUEST		addNewComputer	1620905853118	1620905853449	OK	 
REQUEST		getComputers	1620905852893	1620905853551	OK	 
REQUEST		postComputers Redirect 1	1620905853234	1620905853564	OK	 
USER	Computer Scenario	END	1620905853565
REQUEST		postComputers	1620905853450	1620905853780	OK	 
REQUEST		addNewComputer	1620905853553	1620905853886	OK	 
USER	Computer Scenario	START	1620905853888
REQUEST		getComputers	1620905853386	1620905854039	OK	 
REQUEST		postComputers Redirect 1	1620905853781	1620905854107	OK	 
USER	Computer Scenario	END	1620905854109
REQUEST		postComputers	1620905853886	1620905854216	OK	 
REQUEST		addNewComputer	1620905854041	1620905854370	OK	 
USER	Computer Scenario	START	1620905854386
REQUEST		postComputers Redirect 1	1620905854216	1620905854550	OK	 
REQUEST		getComputers	1620905853888	1620905854550	OK	 
USER	Computer Scenario	END	1620905854551
REQUEST		postComputers	1620905854371	1620905854720	OK	 
USER	Computer Scenario	START	1620905854887
REQUEST		addNewComputer	1620905854552	1620905854898	OK	 
REQUEST		postComputers Redirect 1	1620905854721	1620905855050	OK	 
USER	Computer Scenario	END	1620905855052
REQUEST		getComputers	1620905854387	1620905855052	OK	 
REQUEST		postComputers	1620905854898	1620905855228	OK	 
USER	Computer Scenario	START	1620905855384
REQUEST		addNewComputer	1620905855053	1620905855388	OK	 
REQUEST		getComputers	1620905854887	1620905855548	OK	 
REQUEST		postComputers Redirect 1	1620905855229	1620905855558	OK	 
USER	Computer Scenario	END	1620905855558
REQUEST		postComputers	1620905855389	1620905855719	OK	 
REQUEST		addNewComputer	1620905855549	1620905855879	OK	 
USER	Computer Scenario	START	1620905855890
REQUEST		getComputers	1620905855385	1620905856047	OK	 
REQUEST		postComputers Redirect 1	1620905855719	1620905856051	OK	 
USER	Computer Scenario	END	1620905856052
REQUEST		postComputers	1620905855880	1620905856208	OK	 
REQUEST		addNewComputer	1620905856048	1620905856381	OK	 
USER	Computer Scenario	START	1620905856393
REQUEST		postComputers Redirect 1	1620905856209	1620905856538	OK	 
USER	Computer Scenario	END	1620905856540
REQUEST		getComputers	1620905855890	1620905856545	OK	 
REQUEST		postComputers	1620905856382	1620905856712	OK	 
REQUEST		addNewComputer	1620905856547	1620905856881	OK	 
USER	Computer Scenario	START	1620905856885
REQUEST		postComputers Redirect 1	1620905856713	1620905857042	OK	 
USER	Computer Scenario	END	1620905857043
REQUEST		getComputers	1620905856393	1620905857047	OK	 
REQUEST		postComputers	1620905856882	1620905857211	OK	 
REQUEST		addNewComputer	1620905857048	1620905857378	OK	 
USER	Computer Scenario	START	1620905857386
REQUEST		postComputers Redirect 1	1620905857212	1620905857544	OK	 
USER	Computer Scenario	END	1620905857545
REQUEST		getComputers	1620905856885	1620905857544	OK	 
REQUEST		postComputers	1620905857379	1620905857794	OK	 
REQUEST		addNewComputer	1620905857546	1620905857877	OK	 
USER	Computer Scenario	START	1620905857885
REQUEST		getComputers	1620905857386	1620905858122	OK	 
REQUEST		postComputers Redirect 1	1620905857794	1620905858133	OK	 
USER	Computer Scenario	END	1620905858134
REQUEST		postComputers	1620905857878	1620905858209	OK	 
USER	Computer Scenario	START	1620905858387
REQUEST		addNewComputer	1620905858124	1620905858457	OK	 
REQUEST		postComputers Redirect 1	1620905858210	1620905858546	OK	 
USER	Computer Scenario	END	1620905858547
REQUEST		getComputers	1620905857886	1620905858554	OK	 
REQUEST		postComputers	1620905858458	1620905858818	OK	 
USER	Computer Scenario	START	1620905858887
REQUEST		addNewComputer	1620905858555	1620905858894	OK	 
REQUEST		postComputers Redirect 1	1620905858818	1620905859155	OK	 
REQUEST		getComputers	1620905858388	1620905859155	OK	 
USER	Computer Scenario	END	1620905859157
REQUEST		postComputers	1620905858895	1620905859223	OK	 
USER	Computer Scenario	START	1620905859390
REQUEST		addNewComputer	1620905859157	1620905859490	OK	 
REQUEST		getComputers	1620905858887	1620905859555	OK	 
REQUEST		postComputers Redirect 1	1620905859224	1620905859557	OK	 
USER	Computer Scenario	END	1620905859558
REQUEST		postComputers	1620905859491	1620905859820	OK	 
REQUEST		addNewComputer	1620905859557	1620905859887	OK	 
USER	Computer Scenario	START	1620905859891
REQUEST		getComputers	1620905859390	1620905860070	OK	 
REQUEST		postComputers Redirect 1	1620905859820	1620905860149	OK	 
USER	Computer Scenario	END	1620905860150
REQUEST		postComputers	1620905859888	1620905860218	OK	 
USER	Computer Scenario	START	1620905860390
REQUEST		addNewComputer	1620905860072	1620905860405	OK	 
REQUEST		postComputers Redirect 1	1620905860218	1620905860544	OK	 
USER	Computer Scenario	END	1620905860545
REQUEST		getComputers	1620905859891	1620905860556	OK	 
REQUEST		postComputers	1620905860406	1620905860739	OK	 
REQUEST		addNewComputer	1620905860558	1620905860890	OK	 
REQUEST		getComputers	1620905860390	1620905861056	OK	 
REQUEST		postComputers Redirect 1	1620905860740	1620905861071	OK	 
USER	Computer Scenario	END	1620905861072
REQUEST		postComputers	1620905860891	1620905861274	OK	 
REQUEST		addNewComputer	1620905861056	1620905861388	OK	 
REQUEST		postComputers Redirect 1	1620905861275	1620905861605	OK	 
USER	Computer Scenario	END	1620905861607
REQUEST		postComputers	1620905861389	1620905861719	OK	 
REQUEST		postComputers Redirect 1	1620905861720	1620905862048	OK	 
USER	Computer Scenario	END	1620905862049
