RUN	ComputerWorld	computerworld	1620906046182	 	3.5.0
USER	Computer Scenario	START	1620906047598
USER	Computer Scenario	START	1620906048091
REQUEST		getComputers	1620906047616	1620906048289	OK	 
USER	Computer Scenario	START	1620906048598
REQUEST		addNewComputer	1620906048403	1620906048717	OK	 
REQUEST		getComputers	1620906048092	1620906048749	OK	 
REQUEST		postComputers	1620906048731	1620906049057	OK	 
REQUEST		addNewComputer	1620906048760	1620906049078	OK	 
USER	Computer Scenario	START	1620906049094
REQUEST		getComputers	1620906048599	1620906049289	OK	 
REQUEST		postComputers Redirect 1	1620906049064	1620906049377	OK	 
USER	Computer Scenario	END	1620906049379
REQUEST		postComputers	1620906049079	1620906049392	OK	 
USER	Computer Scenario	START	1620906049597
REQUEST		addNewComputer	1620906049291	1620906049607	OK	 
REQUEST		postComputers Redirect 1	1620906049393	1620906049709	OK	 
USER	Computer Scenario	END	1620906049714
REQUEST		getComputers	1620906049094	1620906049731	OK	 
REQUEST		postComputers	1620906049608	1620906049927	OK	 
REQUEST		addNewComputer	1620906049733	1620906050052	OK	 
USER	Computer Scenario	START	1620906050090
REQUEST		getComputers	1620906049597	1620906050240	OK	 
REQUEST		postComputers Redirect 1	1620906049928	1620906050244	OK	 
USER	Computer Scenario	END	1620906050246
REQUEST		postComputers	1620906050054	1620906050370	OK	 
REQUEST		addNewComputer	1620906050246	1620906050566	OK	 
USER	Computer Scenario	START	1620906050594
REQUEST		postComputers Redirect 1	1620906050371	1620906050690	OK	 
USER	Computer Scenario	END	1620906050690
REQUEST		getComputers	1620906050091	1620906050737	OK	 
REQUEST		postComputers	1620906050567	1620906050888	OK	 
REQUEST		addNewComputer	1620906050739	1620906051055	OK	 
USER	Computer Scenario	START	1620906051089
REQUEST		postComputers Redirect 1	1620906050889	1620906051212	OK	 
USER	Computer Scenario	END	1620906051214
REQUEST		getComputers	1620906050595	1620906051231	OK	 
REQUEST		postComputers	1620906051056	1620906051425	OK	 
REQUEST		addNewComputer	1620906051235	1620906051551	OK	 
USER	Computer Scenario	START	1620906051595
REQUEST		postComputers Redirect 1	1620906051425	1620906051835	OK	 
USER	Computer Scenario	END	1620906051836
REQUEST		getComputers	1620906051090	1620906051836	OK	 
REQUEST		postComputers	1620906051551	1620906051870	OK	 
USER	Computer Scenario	START	1620906052089
REQUEST		addNewComputer	1620906051837	1620906052152	OK	 
REQUEST		postComputers Redirect 1	1620906051870	1620906052193	OK	 
USER	Computer Scenario	END	1620906052195
REQUEST		getComputers	1620906051596	1620906052228	OK	 
REQUEST		postComputers	1620906052154	1620906052478	OK	 
REQUEST		addNewComputer	1620906052232	1620906052548	OK	 
USER	Computer Scenario	START	1620906052595
REQUEST		getComputers	1620906052090	1620906052728	OK	 
REQUEST		postComputers Redirect 1	1620906052480	1620906052796	OK	 
USER	Computer Scenario	END	1620906052798
REQUEST		postComputers	1620906052550	1620906052868	OK	 
REQUEST		addNewComputer	1620906052731	1620906053072	OK	 
USER	Computer Scenario	START	1620906053095
REQUEST		postComputers Redirect 1	1620906052869	1620906053187	OK	 
USER	Computer Scenario	END	1620906053189
REQUEST		getComputers	1620906052596	1620906053225	OK	 
REQUEST		postComputers	1620906053073	1620906053388	OK	 
REQUEST		addNewComputer	1620906053229	1620906053550	OK	 
USER	Computer Scenario	START	1620906053599
REQUEST		postComputers Redirect 1	1620906053389	1620906053704	OK	 
USER	Computer Scenario	END	1620906053705
REQUEST		getComputers	1620906053095	1620906053729	OK	 
REQUEST		postComputers	1620906053552	1620906053868	OK	 
REQUEST		addNewComputer	1620906053731	1620906054046	OK	 
USER	Computer Scenario	START	1620906054095
REQUEST		postComputers Redirect 1	1620906053870	1620906054184	OK	 
USER	Computer Scenario	END	1620906054186
REQUEST		getComputers	1620906053600	1620906054237	OK	 
REQUEST		postComputers	1620906054046	1620906054364	OK	 
REQUEST		addNewComputer	1620906054238	1620906054556	OK	 
USER	Computer Scenario	START	1620906054595
REQUEST		postComputers Redirect 1	1620906054365	1620906054684	OK	 
USER	Computer Scenario	END	1620906054686
REQUEST		getComputers	1620906054095	1620906054722	OK	 
REQUEST		postComputers	1620906054556	1620906054875	OK	 
REQUEST		addNewComputer	1620906054725	1620906055045	OK	 
USER	Computer Scenario	START	1620906055088
REQUEST		postComputers Redirect 1	1620906054877	1620906055198	OK	 
USER	Computer Scenario	END	1620906055199
REQUEST		getComputers	1620906054595	1620906055229	OK	 
REQUEST		postComputers	1620906055047	1620906055366	OK	 
REQUEST		addNewComputer	1620906055231	1620906055547	OK	 
USER	Computer Scenario	START	1620906055594
REQUEST		postComputers Redirect 1	1620906055367	1620906055683	OK	 
USER	Computer Scenario	END	1620906055685
REQUEST		getComputers	1620906055088	1620906055744	OK	 
REQUEST		postComputers	1620906055548	1620906055879	OK	 
REQUEST		addNewComputer	1620906055747	1620906056070	OK	 
USER	Computer Scenario	START	1620906056089
REQUEST		postComputers Redirect 1	1620906055880	1620906056205	OK	 
USER	Computer Scenario	END	1620906056208
REQUEST		getComputers	1620906055594	1620906056221	OK	 
REQUEST		postComputers	1620906056072	1620906056385	OK	 
REQUEST		addNewComputer	1620906056224	1620906056546	OK	 
USER	Computer Scenario	START	1620906056606
REQUEST		postComputers Redirect 1	1620906056386	1620906056699	OK	 
USER	Computer Scenario	END	1620906056700
REQUEST		getComputers	1620906056090	1620906056717	OK	 
REQUEST		postComputers	1620906056547	1620906056954	OK	 
REQUEST		addNewComputer	1620906056718	1620906057039	OK	 
USER	Computer Scenario	START	1620906057088
REQUEST		postComputers Redirect 1	1620906056954	1620906057271	OK	 
USER	Computer Scenario	END	1620906057273
REQUEST		getComputers	1620906056606	1620906057272	OK	 
REQUEST		postComputers	1620906057040	1620906057354	OK	 
REQUEST		addNewComputer	1620906057277	1620906057591	OK	 
USER	Computer Scenario	START	1620906057590
REQUEST		postComputers Redirect 1	1620906057355	1620906057678	OK	 
USER	Computer Scenario	END	1620906057681
REQUEST		getComputers	1620906057088	1620906057726	OK	 
REQUEST		postComputers	1620906057593	1620906057916	OK	 
REQUEST		addNewComputer	1620906057731	1620906058056	OK	 
USER	Computer Scenario	START	1620906058089
REQUEST		postComputers Redirect 1	1620906057917	1620906058244	OK	 
USER	Computer Scenario	END	1620906058244
REQUEST		getComputers	1620906057591	1620906058246	OK	 
REQUEST		postComputers	1620906058057	1620906058376	OK	 
REQUEST		addNewComputer	1620906058247	1620906058565	OK	 
USER	Computer Scenario	START	1620906058595
REQUEST		postComputers Redirect 1	1620906058378	1620906058695	OK	 
USER	Computer Scenario	END	1620906058696
REQUEST		getComputers	1620906058090	1620906058718	OK	 
REQUEST		postComputers	1620906058566	1620906058884	OK	 
REQUEST		addNewComputer	1620906058719	1620906059034	OK	 
USER	Computer Scenario	START	1620906059095
REQUEST		postComputers Redirect 1	1620906058885	1620906059207	OK	 
USER	Computer Scenario	END	1620906059208
REQUEST		getComputers	1620906058595	1620906059221	OK	 
REQUEST		postComputers	1620906059036	1620906059349	OK	 
REQUEST		addNewComputer	1620906059222	1620906059541	OK	 
USER	Computer Scenario	START	1620906059594
REQUEST		postComputers Redirect 1	1620906059350	1620906059669	OK	 
USER	Computer Scenario	END	1620906059670
REQUEST		getComputers	1620906059095	1620906059715	OK	 
REQUEST		postComputers	1620906059542	1620906059858	OK	 
REQUEST		addNewComputer	1620906059716	1620906060031	OK	 
USER	Computer Scenario	START	1620906060095
REQUEST		postComputers Redirect 1	1620906059859	1620906060176	OK	 
USER	Computer Scenario	END	1620906060178
REQUEST		getComputers	1620906059595	1620906060220	OK	 
REQUEST		postComputers	1620906060032	1620906060344	OK	 
REQUEST		addNewComputer	1620906060222	1620906060546	OK	 
USER	Computer Scenario	START	1620906060605
REQUEST		postComputers Redirect 1	1620906060345	1620906060660	OK	 
USER	Computer Scenario	END	1620906060663
REQUEST		getComputers	1620906060095	1620906060725	OK	 
REQUEST		postComputers	1620906060548	1620906060860	OK	 
REQUEST		addNewComputer	1620906060726	1620906061041	OK	 
USER	Computer Scenario	START	1620906061095
REQUEST		postComputers Redirect 1	1620906060861	1620906061174	OK	 
USER	Computer Scenario	END	1620906061175
REQUEST		getComputers	1620906060606	1620906061233	OK	 
REQUEST		postComputers	1620906061043	1620906061358	OK	 
REQUEST		addNewComputer	1620906061236	1620906061550	OK	 
USER	Computer Scenario	START	1620906061593
REQUEST		postComputers Redirect 1	1620906061359	1620906061683	OK	 
USER	Computer Scenario	END	1620906061683
REQUEST		getComputers	1620906061096	1620906061731	OK	 
REQUEST		postComputers	1620906061551	1620906061867	OK	 
REQUEST		addNewComputer	1620906061732	1620906062061	OK	 
USER	Computer Scenario	START	1620906062090
REQUEST		postComputers Redirect 1	1620906061867	1620906062181	OK	 
USER	Computer Scenario	END	1620906062182
REQUEST		getComputers	1620906061593	1620906062225	OK	 
REQUEST		postComputers	1620906062062	1620906062436	OK	 
USER	Computer Scenario	START	1620906062592
REQUEST		addNewComputer	1620906062226	1620906062843	OK	 
REQUEST		getComputers	1620906062091	1620906062863	OK	 
REQUEST		postComputers Redirect 1	1620906062437	1620906062879	OK	 
USER	Computer Scenario	END	1620906062881
USER	Computer Scenario	START	1620906063092
REQUEST		postComputers	1620906062844	1620906063295	OK	 
REQUEST		addNewComputer	1620906062866	1620906063304	OK	 
REQUEST		getComputers	1620906062592	1620906063470	OK	 
USER	Computer Scenario	START	1620906063596
REQUEST		postComputers Redirect 1	1620906063296	1620906063715	OK	 
USER	Computer Scenario	END	1620906063716
REQUEST		postComputers	1620906063305	1620906063725	OK	 
REQUEST		addNewComputer	1620906063473	1620906063852	OK	 
REQUEST		getComputers	1620906063092	1620906063978	OK	 
USER	Computer Scenario	START	1620906064088
REQUEST		postComputers Redirect 1	1620906063726	1620906064171	OK	 
USER	Computer Scenario	END	1620906064172
REQUEST		postComputers	1620906063853	1620906064294	OK	 
REQUEST		addNewComputer	1620906063981	1620906064432	OK	 
REQUEST		getComputers	1620906063596	1620906064433	OK	 
USER	Computer Scenario	START	1620906064594
REQUEST		postComputers Redirect 1	1620906064295	1620906064615	OK	 
USER	Computer Scenario	END	1620906064617
REQUEST		postComputers	1620906064434	1620906064766	OK	 
REQUEST		addNewComputer	1620906064436	1620906064767	OK	 
REQUEST		getComputers	1620906064089	1620906064766	OK	 
USER	Computer Scenario	START	1620906065095
REQUEST		postComputers	1620906064769	1620906065108	OK	 
REQUEST		addNewComputer	1620906064769	1620906065110	OK	 
REQUEST		postComputers Redirect 1	1620906064768	1620906065110	OK	 
USER	Computer Scenario	END	1620906065113
REQUEST		getComputers	1620906064595	1620906065264	OK	 
REQUEST		postComputers	1620906065112	1620906065544	OK	 
REQUEST		postComputers Redirect 1	1620906065109	1620906065544	OK	 
USER	Computer Scenario	END	1620906065546
REQUEST		addNewComputer	1620906065267	1620906065586	OK	 
USER	Computer Scenario	START	1620906065596
REQUEST		getComputers	1620906065096	1620906065753	OK	 
REQUEST		postComputers Redirect 1	1620906065545	1620906065872	OK	 
USER	Computer Scenario	END	1620906065873
REQUEST		postComputers	1620906065587	1620906065911	OK	 
REQUEST		addNewComputer	1620906065754	1620906066072	OK	 
USER	Computer Scenario	START	1620906066089
REQUEST		getComputers	1620906065597	1620906066226	OK	 
REQUEST		postComputers Redirect 1	1620906065912	1620906066234	OK	 
USER	Computer Scenario	END	1620906066236
REQUEST		postComputers	1620906066074	1620906066405	OK	 
REQUEST		addNewComputer	1620906066230	1620906066556	OK	 
USER	Computer Scenario	START	1620906066591
REQUEST		postComputers Redirect 1	1620906066406	1620906066796	OK	 
REQUEST		getComputers	1620906066089	1620906066796	OK	 
USER	Computer Scenario	END	1620906066798
REQUEST		postComputers	1620906066558	1620906066985	OK	 
USER	Computer Scenario	START	1620906067093
REQUEST		addNewComputer	1620906066799	1620906067118	OK	 
REQUEST		postComputers Redirect 1	1620906066985	1620906067352	OK	 
USER	Computer Scenario	END	1620906067354
REQUEST		getComputers	1620906066591	1620906067365	OK	 
REQUEST		postComputers	1620906067119	1620906067439	OK	 
USER	Computer Scenario	START	1620906067596
REQUEST		addNewComputer	1620906067368	1620906067693	OK	 
REQUEST		getComputers	1620906067093	1620906067724	OK	 
REQUEST		postComputers Redirect 1	1620906067440	1620906067756	OK	 
USER	Computer Scenario	END	1620906067758
REQUEST		postComputers	1620906067694	1620906068010	OK	 
REQUEST		addNewComputer	1620906067727	1620906068055	OK	 
USER	Computer Scenario	START	1620906068095
REQUEST		getComputers	1620906067596	1620906068225	OK	 
REQUEST		postComputers Redirect 1	1620906068011	1620906068327	OK	 
USER	Computer Scenario	END	1620906068327
REQUEST		postComputers	1620906068057	1620906068380	OK	 
REQUEST		addNewComputer	1620906068227	1620906068543	OK	 
USER	Computer Scenario	START	1620906068596
REQUEST		postComputers Redirect 1	1620906068381	1620906068693	OK	 
USER	Computer Scenario	END	1620906068695
REQUEST		getComputers	1620906068095	1620906068727	OK	 
REQUEST		postComputers	1620906068544	1620906068869	OK	 
REQUEST		addNewComputer	1620906068730	1620906069048	OK	 
USER	Computer Scenario	START	1620906069094
REQUEST		postComputers Redirect 1	1620906068870	1620906069196	OK	 
USER	Computer Scenario	END	1620906069199
REQUEST		getComputers	1620906068596	1620906069230	OK	 
REQUEST		postComputers	1620906069049	1620906069364	OK	 
REQUEST		addNewComputer	1620906069233	1620906069551	OK	 
USER	Computer Scenario	START	1620906069595
REQUEST		postComputers Redirect 1	1620906069364	1620906069688	OK	 
USER	Computer Scenario	END	1620906069689
REQUEST		getComputers	1620906069094	1620906069724	OK	 
REQUEST		postComputers	1620906069554	1620906069869	OK	 
REQUEST		addNewComputer	1620906069725	1620906070039	OK	 
USER	Computer Scenario	START	1620906070091
REQUEST		postComputers Redirect 1	1620906069870	1620906070193	OK	 
USER	Computer Scenario	END	1620906070195
REQUEST		getComputers	1620906069595	1620906070240	OK	 
REQUEST		postComputers	1620906070041	1620906070353	OK	 
REQUEST		addNewComputer	1620906070243	1620906070561	OK	 
USER	Computer Scenario	START	1620906070589
REQUEST		postComputers Redirect 1	1620906070353	1620906070672	OK	 
USER	Computer Scenario	END	1620906070674
REQUEST		getComputers	1620906070091	1620906070720	OK	 
REQUEST		postComputers	1620906070563	1620906070985	OK	 
REQUEST		addNewComputer	1620906070723	1620906071044	OK	 
USER	Computer Scenario	START	1620906071092
REQUEST		getComputers	1620906070590	1620906071297	OK	 
REQUEST		postComputers Redirect 1	1620906070986	1620906071307	OK	 
USER	Computer Scenario	END	1620906071309
REQUEST		postComputers	1620906071046	1620906071363	OK	 
USER	Computer Scenario	START	1620906071593
REQUEST		addNewComputer	1620906071300	1620906071613	OK	 
REQUEST		postComputers Redirect 1	1620906071364	1620906071684	OK	 
USER	Computer Scenario	END	1620906071685
REQUEST		getComputers	1620906071092	1620906071784	OK	 
REQUEST		postComputers	1620906071615	1620906071929	OK	 
USER	Computer Scenario	START	1620906072095
REQUEST		addNewComputer	1620906071786	1620906072101	OK	 
REQUEST		getComputers	1620906071593	1620906072218	OK	 
REQUEST		postComputers Redirect 1	1620906071930	1620906072248	OK	 
USER	Computer Scenario	END	1620906072249
REQUEST		postComputers	1620906072101	1620906072417	OK	 
REQUEST		addNewComputer	1620906072220	1620906072536	OK	 
USER	Computer Scenario	START	1620906072590
REQUEST		postComputers Redirect 1	1620906072419	1620906072828	OK	 
USER	Computer Scenario	END	1620906072830
REQUEST		getComputers	1620906072095	1620906072828	OK	 
REQUEST		postComputers	1620906072537	1620906072854	OK	 
USER	Computer Scenario	START	1620906073091
REQUEST		addNewComputer	1620906072831	1620906073149	OK	 
REQUEST		postComputers Redirect 1	1620906072855	1620906073175	OK	 
USER	Computer Scenario	END	1620906073176
REQUEST		getComputers	1620906072591	1620906073224	OK	 
REQUEST		postComputers	1620906073150	1620906073463	OK	 
REQUEST		addNewComputer	1620906073226	1620906073548	OK	 
USER	Computer Scenario	START	1620906073589
REQUEST		getComputers	1620906073091	1620906073722	OK	 
REQUEST		postComputers Redirect 1	1620906073464	1620906073784	OK	 
USER	Computer Scenario	END	1620906073785
REQUEST		postComputers	1620906073550	1620906073864	OK	 
REQUEST		addNewComputer	1620906073723	1620906074039	OK	 
USER	Computer Scenario	START	1620906074096
REQUEST		postComputers Redirect 1	1620906073864	1620906074185	OK	 
USER	Computer Scenario	END	1620906074187
REQUEST		getComputers	1620906073589	1620906074224	OK	 
REQUEST		postComputers	1620906074040	1620906074357	OK	 
REQUEST		addNewComputer	1620906074227	1620906074543	OK	 
USER	Computer Scenario	START	1620906074594
REQUEST		postComputers Redirect 1	1620906074358	1620906074674	OK	 
USER	Computer Scenario	END	1620906074676
REQUEST		getComputers	1620906074096	1620906074731	OK	 
REQUEST		postComputers	1620906074544	1620906074874	OK	 
REQUEST		addNewComputer	1620906074733	1620906075051	OK	 
USER	Computer Scenario	START	1620906075090
REQUEST		postComputers Redirect 1	1620906074875	1620906075191	OK	 
USER	Computer Scenario	END	1620906075191
REQUEST		getComputers	1620906074594	1620906075237	OK	 
REQUEST		postComputers	1620906075053	1620906075372	OK	 
REQUEST		addNewComputer	1620906075238	1620906075555	OK	 
USER	Computer Scenario	START	1620906075596
REQUEST		postComputers Redirect 1	1620906075373	1620906075692	OK	 
USER	Computer Scenario	END	1620906075694
REQUEST		getComputers	1620906075090	1620906075725	OK	 
REQUEST		postComputers	1620906075557	1620906075877	OK	 
REQUEST		addNewComputer	1620906075728	1620906076046	OK	 
USER	Computer Scenario	START	1620906076090
REQUEST		postComputers Redirect 1	1620906075878	1620906076193	OK	 
USER	Computer Scenario	END	1620906076195
REQUEST		getComputers	1620906075596	1620906076235	OK	 
REQUEST		postComputers	1620906076048	1620906076367	OK	 
REQUEST		addNewComputer	1620906076236	1620906076557	OK	 
USER	Computer Scenario	START	1620906076600
REQUEST		postComputers Redirect 1	1620906076368	1620906076680	OK	 
USER	Computer Scenario	END	1620906076681
REQUEST		getComputers	1620906076090	1620906076716	OK	 
REQUEST		postComputers	1620906076559	1620906076879	OK	 
REQUEST		addNewComputer	1620906076717	1620906077029	OK	 
USER	Computer Scenario	START	1620906077092
REQUEST		postComputers Redirect 1	1620906076880	1620906077196	OK	 
USER	Computer Scenario	END	1620906077196
REQUEST		getComputers	1620906076600	1620906077222	OK	 
REQUEST		postComputers	1620906077030	1620906077347	OK	 
REQUEST		addNewComputer	1620906077223	1620906077538	OK	 
USER	Computer Scenario	START	1620906077607
REQUEST		postComputers Redirect 1	1620906077347	1620906077662	OK	 
USER	Computer Scenario	END	1620906077663
REQUEST		getComputers	1620906077092	1620906077719	OK	 
REQUEST		postComputers	1620906077539	1620906077857	OK	 
REQUEST		addNewComputer	1620906077721	1620906078035	OK	 
USER	Computer Scenario	START	1620906078089
REQUEST		postComputers Redirect 1	1620906077858	1620906078172	OK	 
USER	Computer Scenario	END	1620906078173
REQUEST		getComputers	1620906077608	1620906078237	OK	 
REQUEST		postComputers	1620906078036	1620906078361	OK	 
REQUEST		addNewComputer	1620906078238	1620906078553	OK	 
USER	Computer Scenario	START	1620906078596
REQUEST		postComputers Redirect 1	1620906078362	1620906078675	OK	 
USER	Computer Scenario	END	1620906078676
REQUEST		getComputers	1620906078089	1620906078723	OK	 
REQUEST		postComputers	1620906078554	1620906078972	OK	 
REQUEST		addNewComputer	1620906078725	1620906079042	OK	 
USER	Computer Scenario	START	1620906079095
REQUEST		getComputers	1620906078596	1620906079287	OK	 
REQUEST		postComputers Redirect 1	1620906078973	1620906079290	OK	 
USER	Computer Scenario	END	1620906079291
REQUEST		postComputers	1620906079044	1620906079362	OK	 
USER	Computer Scenario	START	1620906079589
REQUEST		addNewComputer	1620906079287	1620906079603	OK	 
REQUEST		postComputers Redirect 1	1620906079363	1620906079680	OK	 
USER	Computer Scenario	END	1620906079682
REQUEST		getComputers	1620906079095	1620906079721	OK	 
REQUEST		postComputers	1620906079604	1620906079996	OK	 
REQUEST		addNewComputer	1620906079723	1620906080039	OK	 
USER	Computer Scenario	START	1620906080093
REQUEST		postComputers Redirect 1	1620906079997	1620906080312	OK	 
USER	Computer Scenario	END	1620906080314
REQUEST		getComputers	1620906079590	1620906080313	OK	 
REQUEST		postComputers	1620906080040	1620906080351	OK	 
USER	Computer Scenario	START	1620906080593
REQUEST		addNewComputer	1620906080315	1620906080632	OK	 
REQUEST		postComputers Redirect 1	1620906080352	1620906080683	OK	 
USER	Computer Scenario	END	1620906080685
REQUEST		getComputers	1620906080093	1620906080721	OK	 
REQUEST		postComputers	1620906080633	1620906080952	OK	 
REQUEST		addNewComputer	1620906080722	1620906081040	OK	 
USER	Computer Scenario	START	1620906081088
REQUEST		getComputers	1620906080593	1620906081224	OK	 
REQUEST		postComputers Redirect 1	1620906080953	1620906081268	OK	 
USER	Computer Scenario	END	1620906081269
REQUEST		postComputers	1620906081041	1620906081356	OK	 
USER	Computer Scenario	START	1620906081590
REQUEST		addNewComputer	1620906081226	1620906081595	OK	 
REQUEST		postComputers Redirect 1	1620906081357	1620906081676	OK	 
USER	Computer Scenario	END	1620906081678
REQUEST		getComputers	1620906081088	1620906081719	OK	 
REQUEST		postComputers	1620906081596	1620906081911	OK	 
REQUEST		addNewComputer	1620906081720	1620906082042	OK	 
USER	Computer Scenario	START	1620906082093
REQUEST		getComputers	1620906081590	1620906082214	OK	 
REQUEST		postComputers Redirect 1	1620906081912	1620906082224	OK	 
USER	Computer Scenario	END	1620906082225
REQUEST		postComputers	1620906082043	1620906082358	OK	 
REQUEST		addNewComputer	1620906082216	1620906082537	OK	 
USER	Computer Scenario	START	1620906082592
REQUEST		postComputers Redirect 1	1620906082358	1620906082673	OK	 
USER	Computer Scenario	END	1620906082675
REQUEST		getComputers	1620906082093	1620906082753	OK	 
REQUEST		postComputers	1620906082538	1620906082965	OK	 
REQUEST		addNewComputer	1620906082755	1620906083071	OK	 
USER	Computer Scenario	START	1620906083094
REQUEST		postComputers Redirect 1	1620906082966	1620906083283	OK	 
USER	Computer Scenario	END	1620906083284
REQUEST		getComputers	1620906082592	1620906083286	OK	 
REQUEST		postComputers	1620906083072	1620906083397	OK	 
USER	Computer Scenario	START	1620906083596
REQUEST		addNewComputer	1620906083286	1620906083602	OK	 
REQUEST		postComputers Redirect 1	1620906083398	1620906083715	OK	 
USER	Computer Scenario	END	1620906083717
REQUEST		getComputers	1620906083095	1620906083723	OK	 
REQUEST		postComputers	1620906083603	1620906083989	OK	 
REQUEST		addNewComputer	1620906083725	1620906084042	OK	 
USER	Computer Scenario	START	1620906084090
REQUEST		getComputers	1620906083596	1620906084304	OK	 
REQUEST		postComputers Redirect 1	1620906083990	1620906084313	OK	 
USER	Computer Scenario	END	1620906084313
REQUEST		postComputers	1620906084044	1620906084359	OK	 
USER	Computer Scenario	START	1620906084595
REQUEST		addNewComputer	1620906084305	1620906084617	OK	 
REQUEST		postComputers Redirect 1	1620906084360	1620906084674	OK	 
USER	Computer Scenario	END	1620906084675
REQUEST		getComputers	1620906084090	1620906084731	OK	 
REQUEST		postComputers	1620906084617	1620906084927	OK	 
REQUEST		addNewComputer	1620906084732	1620906085056	OK	 
USER	Computer Scenario	START	1620906085093
REQUEST		getComputers	1620906084596	1620906085224	OK	 
REQUEST		postComputers Redirect 1	1620906084927	1620906085240	OK	 
USER	Computer Scenario	END	1620906085241
REQUEST		postComputers	1620906085057	1620906085370	OK	 
REQUEST		addNewComputer	1620906085225	1620906085538	OK	 
USER	Computer Scenario	START	1620906085590
REQUEST		postComputers Redirect 1	1620906085370	1620906085688	OK	 
USER	Computer Scenario	END	1620906085688
REQUEST		getComputers	1620906085093	1620906085718	OK	 
REQUEST		postComputers	1620906085539	1620906085899	OK	 
REQUEST		addNewComputer	1620906085719	1620906086031	OK	 
USER	Computer Scenario	START	1620906086094
REQUEST		postComputers Redirect 1	1620906085899	1620906086270	OK	 
REQUEST		getComputers	1620906085590	1620906086270	OK	 
USER	Computer Scenario	END	1620906086271
REQUEST		postComputers	1620906086031	1620906086355	OK	 
USER	Computer Scenario	START	1620906086589
REQUEST		addNewComputer	1620906086271	1620906086602	OK	 
REQUEST		postComputers Redirect 1	1620906086355	1620906086674	OK	 
USER	Computer Scenario	END	1620906086675
REQUEST		getComputers	1620906086094	1620906086742	OK	 
REQUEST		postComputers	1620906086603	1620906086927	OK	 
REQUEST		addNewComputer	1620906086746	1620906087060	OK	 
USER	Computer Scenario	START	1620906087093
REQUEST		postComputers Redirect 1	1620906086927	1620906087265	OK	 
REQUEST		getComputers	1620906086589	1620906087265	OK	 
USER	Computer Scenario	END	1620906087266
REQUEST		postComputers	1620906087061	1620906087371	OK	 
REQUEST		addNewComputer	1620906087266	1620906087581	OK	 
USER	Computer Scenario	START	1620906087589
REQUEST		postComputers Redirect 1	1620906087371	1620906087684	OK	 
USER	Computer Scenario	END	1620906087685
REQUEST		getComputers	1620906087093	1620906087718	OK	 
USER	Computer Scenario	START	1620906088089
REQUEST		postComputers	1620906087581	1620906088235	OK	 
REQUEST		addNewComputer	1620906087719	1620906088247	OK	 
USER	Computer Scenario	START	1620906088596
REQUEST		getComputers	1620906087590	1620906088724	OK	 
REQUEST		postComputers Redirect 1	1620906088236	1620906088725	OK	 
USER	Computer Scenario	END	1620906088726
REQUEST		postComputers	1620906088249	1620906088739	OK	 
USER	Computer Scenario	START	1620906089090
REQUEST		getComputers	1620906088090	1620906089184	OK	 
REQUEST		postComputers Redirect 1	1620906088739	1620906089264	OK	 
REQUEST		addNewComputer	1620906088725	1620906089264	OK	 
USER	Computer Scenario	END	1620906089265
REQUEST		getComputers	1620906088596	1620906089495	OK	 
REQUEST		addNewComputer	1620906089186	1620906089501	OK	 
REQUEST		postComputers	1620906089265	1620906089580	OK	 
USER	Computer Scenario	START	1620906089591
REQUEST		getComputers	1620906089091	1620906089785	OK	 
REQUEST		addNewComputer	1620906089497	1620906089814	OK	 
REQUEST		postComputers	1620906089502	1620906089824	OK	 
REQUEST		postComputers Redirect 1	1620906089581	1620906089901	OK	 
USER	Computer Scenario	END	1620906089902
USER	Computer Scenario	START	1620906090092
REQUEST		addNewComputer	1620906089787	1620906090107	OK	 
REQUEST		postComputers	1620906089815	1620906090132	OK	 
REQUEST		postComputers Redirect 1	1620906089824	1620906090147	OK	 
USER	Computer Scenario	END	1620906090147
REQUEST		getComputers	1620906089591	1620906090224	OK	 
REQUEST		postComputers	1620906090108	1620906090426	OK	 
REQUEST		postComputers Redirect 1	1620906090133	1620906090449	OK	 
USER	Computer Scenario	END	1620906090451
REQUEST		addNewComputer	1620906090226	1620906090545	OK	 
USER	Computer Scenario	START	1620906090596
REQUEST		postComputers Redirect 1	1620906090427	1620906090747	OK	 
USER	Computer Scenario	END	1620906090748
REQUEST		getComputers	1620906090092	1620906090747	OK	 
REQUEST		postComputers	1620906090546	1620906090864	OK	 
USER	Computer Scenario	START	1620906091088
REQUEST		addNewComputer	1620906090748	1620906091094	OK	 
REQUEST		postComputers Redirect 1	1620906090865	1620906091181	OK	 
USER	Computer Scenario	END	1620906091182
REQUEST		getComputers	1620906090597	1620906091222	OK	 
REQUEST		postComputers	1620906091095	1620906091414	OK	 
REQUEST		addNewComputer	1620906091223	1620906091539	OK	 
USER	Computer Scenario	START	1620906091595
REQUEST		postComputers Redirect 1	1620906091415	1620906091771	OK	 
REQUEST		getComputers	1620906091088	1620906091771	OK	 
USER	Computer Scenario	END	1620906091772
REQUEST		postComputers	1620906091541	1620906091853	OK	 
USER	Computer Scenario	START	1620906092089
REQUEST		addNewComputer	1620906091773	1620906092095	OK	 
REQUEST		postComputers Redirect 1	1620906091854	1620906092168	OK	 
USER	Computer Scenario	END	1620906092168
REQUEST		getComputers	1620906091596	1620906092235	OK	 
REQUEST		postComputers	1620906092096	1620906092416	OK	 
REQUEST		addNewComputer	1620906092235	1620906092571	OK	 
USER	Computer Scenario	START	1620906092596
REQUEST		postComputers Redirect 1	1620906092417	1620906092796	OK	 
REQUEST		getComputers	1620906092089	1620906092796	OK	 
USER	Computer Scenario	END	1620906092798
REQUEST		postComputers	1620906092572	1620906092889	OK	 
USER	Computer Scenario	START	1620906093092
REQUEST		addNewComputer	1620906092798	1620906093115	OK	 
REQUEST		postComputers Redirect 1	1620906092890	1620906093211	OK	 
USER	Computer Scenario	END	1620906093213
REQUEST		getComputers	1620906092596	1620906093225	OK	 
REQUEST		postComputers	1620906093116	1620906093430	OK	 
REQUEST		addNewComputer	1620906093227	1620906093551	OK	 
USER	Computer Scenario	START	1620906093603
REQUEST		getComputers	1620906093092	1620906093742	OK	 
REQUEST		postComputers Redirect 1	1620906093431	1620906093748	OK	 
USER	Computer Scenario	END	1620906093749
REQUEST		postComputers	1620906093552	1620906093920	OK	 
USER	Computer Scenario	START	1620906094088
REQUEST		addNewComputer	1620906093744	1620906094099	OK	 
REQUEST		postComputers Redirect 1	1620906093921	1620906094235	OK	 
USER	Computer Scenario	END	1620906094236
REQUEST		getComputers	1620906093603	1620906094243	OK	 
REQUEST		postComputers	1620906094101	1620906094429	OK	 
REQUEST		addNewComputer	1620906094245	1620906094561	OK	 
USER	Computer Scenario	START	1620906094594
REQUEST		postComputers Redirect 1	1620906094430	1620906094750	OK	 
REQUEST		getComputers	1620906094088	1620906094749	OK	 
USER	Computer Scenario	END	1620906094751
REQUEST		postComputers	1620906094562	1620906094875	OK	 
REQUEST		addNewComputer	1620906094751	1620906095069	OK	 
USER	Computer Scenario	START	1620906095089
REQUEST		postComputers Redirect 1	1620906094876	1620906095192	OK	 
USER	Computer Scenario	END	1620906095193
REQUEST		getComputers	1620906094594	1620906095234	OK	 
REQUEST		postComputers	1620906095071	1620906095394	OK	 
REQUEST		addNewComputer	1620906095236	1620906095551	OK	 
USER	Computer Scenario	START	1620906095593
REQUEST		postComputers Redirect 1	1620906095395	1620906095713	OK	 
USER	Computer Scenario	END	1620906095713
REQUEST		getComputers	1620906095089	1620906095721	OK	 
REQUEST		postComputers	1620906095552	1620906095867	OK	 
REQUEST		addNewComputer	1620906095722	1620906096041	OK	 
USER	Computer Scenario	START	1620906096090
REQUEST		postComputers Redirect 1	1620906095868	1620906096192	OK	 
USER	Computer Scenario	END	1620906096193
REQUEST		getComputers	1620906095594	1620906096221	OK	 
REQUEST		postComputers	1620906096042	1620906096362	OK	 
REQUEST		addNewComputer	1620906096222	1620906096540	OK	 
USER	Computer Scenario	START	1620906096611
REQUEST		postComputers Redirect 1	1620906096363	1620906096682	OK	 
USER	Computer Scenario	END	1620906096684
REQUEST		getComputers	1620906096090	1620906096722	OK	 
REQUEST		postComputers	1620906096541	1620906096890	OK	 
REQUEST		addNewComputer	1620906096724	1620906097039	OK	 
USER	Computer Scenario	START	1620906097093
REQUEST		postComputers Redirect 1	1620906096890	1620906097208	OK	 
USER	Computer Scenario	END	1620906097209
REQUEST		getComputers	1620906096611	1620906097241	OK	 
REQUEST		postComputers	1620906097040	1620906097403	OK	 
REQUEST		addNewComputer	1620906097242	1620906097563	OK	 
USER	Computer Scenario	START	1620906097593
REQUEST		postComputers Redirect 1	1620906097404	1620906097786	OK	 
REQUEST		getComputers	1620906097093	1620906097786	OK	 
USER	Computer Scenario	END	1620906097787
REQUEST		postComputers	1620906097564	1620906097878	OK	 
USER	Computer Scenario	START	1620906098093
REQUEST		addNewComputer	1620906097788	1620906098105	OK	 
REQUEST		postComputers Redirect 1	1620906097879	1620906098204	OK	 
USER	Computer Scenario	END	1620906098205
REQUEST		getComputers	1620906097593	1620906098231	OK	 
REQUEST		postComputers	1620906098106	1620906098432	OK	 
REQUEST		addNewComputer	1620906098233	1620906098551	OK	 
USER	Computer Scenario	START	1620906098604
REQUEST		getComputers	1620906098093	1620906098746	OK	 
REQUEST		postComputers Redirect 1	1620906098433	1620906098755	OK	 
USER	Computer Scenario	END	1620906098756
REQUEST		postComputers	1620906098552	1620906098870	OK	 
USER	Computer Scenario	START	1620906099090
REQUEST		addNewComputer	1620906098748	1620906099095	OK	 
REQUEST		postComputers Redirect 1	1620906098870	1620906099186	OK	 
USER	Computer Scenario	END	1620906099187
REQUEST		getComputers	1620906098604	1620906099240	OK	 
REQUEST		postComputers	1620906099096	1620906099451	OK	 
REQUEST		addNewComputer	1620906099242	1620906099571	OK	 
USER	Computer Scenario	START	1620906099590
REQUEST		postComputers Redirect 1	1620906099452	1620906099776	OK	 
USER	Computer Scenario	END	1620906099777
REQUEST		getComputers	1620906099090	1620906099778	OK	 
REQUEST		postComputers	1620906099572	1620906099889	OK	 
USER	Computer Scenario	START	1620906100093
REQUEST		addNewComputer	1620906099780	1620906100095	OK	 
REQUEST		postComputers Redirect 1	1620906099889	1620906100213	OK	 
USER	Computer Scenario	END	1620906100215
REQUEST		getComputers	1620906099590	1620906100232	OK	 
REQUEST		postComputers	1620906100096	1620906100411	OK	 
REQUEST		addNewComputer	1620906100234	1620906100552	OK	 
USER	Computer Scenario	START	1620906100590
REQUEST		getComputers	1620906100093	1620906100720	OK	 
REQUEST		postComputers Redirect 1	1620906100412	1620906100728	OK	 
USER	Computer Scenario	END	1620906100729
REQUEST		postComputers	1620906100553	1620906100873	OK	 
REQUEST		addNewComputer	1620906100722	1620906101049	OK	 
USER	Computer Scenario	START	1620906101093
REQUEST		postComputers Redirect 1	1620906100874	1620906101195	OK	 
USER	Computer Scenario	END	1620906101195
REQUEST		getComputers	1620906100591	1620906101231	OK	 
REQUEST		postComputers	1620906101050	1620906101370	OK	 
REQUEST		addNewComputer	1620906101232	1620906101559	OK	 
USER	Computer Scenario	START	1620906101588
REQUEST		postComputers Redirect 1	1620906101371	1620906101685	OK	 
USER	Computer Scenario	END	1620906101686
REQUEST		getComputers	1620906101093	1620906101717	OK	 
REQUEST		postComputers	1620906101560	1620906101879	OK	 
REQUEST		addNewComputer	1620906101719	1620906102032	OK	 
USER	Computer Scenario	START	1620906102095
REQUEST		postComputers Redirect 1	1620906101879	1620906102198	OK	 
USER	Computer Scenario	END	1620906102200
REQUEST		getComputers	1620906101588	1620906102217	OK	 
REQUEST		postComputers	1620906102033	1620906102350	OK	 
REQUEST		addNewComputer	1620906102219	1620906102537	OK	 
USER	Computer Scenario	START	1620906102593
REQUEST		postComputers Redirect 1	1620906102350	1620906102665	OK	 
USER	Computer Scenario	END	1620906102666
REQUEST		getComputers	1620906102095	1620906102729	OK	 
REQUEST		postComputers	1620906102538	1620906102932	OK	 
REQUEST		addNewComputer	1620906102731	1620906103044	OK	 
USER	Computer Scenario	START	1620906103092
REQUEST		postComputers Redirect 1	1620906102932	1620906103247	OK	 
USER	Computer Scenario	END	1620906103249
REQUEST		getComputers	1620906102593	1620906103251	OK	 
REQUEST		postComputers	1620906103046	1620906103362	OK	 
REQUEST		addNewComputer	1620906103253	1620906103572	OK	 
USER	Computer Scenario	START	1620906103595
REQUEST		postComputers Redirect 1	1620906103363	1620906103678	OK	 
USER	Computer Scenario	END	1620906103679
REQUEST		getComputers	1620906103092	1620906103725	OK	 
REQUEST		postComputers	1620906103573	1620906103893	OK	 
REQUEST		addNewComputer	1620906103726	1620906104054	OK	 
USER	Computer Scenario	START	1620906104094
REQUEST		postComputers Redirect 1	1620906103894	1620906104221	OK	 
USER	Computer Scenario	END	1620906104222
REQUEST		getComputers	1620906103595	1620906104246	OK	 
REQUEST		postComputers	1620906104055	1620906104380	OK	 
REQUEST		addNewComputer	1620906104248	1620906104571	OK	 
USER	Computer Scenario	START	1620906104612
REQUEST		postComputers Redirect 1	1620906104381	1620906104700	OK	 
USER	Computer Scenario	END	1620906104700
REQUEST		getComputers	1620906104094	1620906104727	OK	 
REQUEST		postComputers	1620906104572	1620906104886	OK	 
REQUEST		addNewComputer	1620906104729	1620906105043	OK	 
USER	Computer Scenario	START	1620906105091
REQUEST		postComputers Redirect 1	1620906104886	1620906105229	OK	 
USER	Computer Scenario	END	1620906105230
REQUEST		getComputers	1620906104612	1620906105234	OK	 
REQUEST		postComputers	1620906105044	1620906105361	OK	 
USER	Computer Scenario	START	1620906105589
REQUEST		addNewComputer	1620906105236	1620906105595	OK	 
REQUEST		postComputers Redirect 1	1620906105362	1620906105678	OK	 
USER	Computer Scenario	END	1620906105680
REQUEST		getComputers	1620906105092	1620906105740	OK	 
REQUEST		postComputers	1620906105596	1620906105908	OK	 
REQUEST		addNewComputer	1620906105741	1620906106063	OK	 
USER	Computer Scenario	START	1620906106090
REQUEST		postComputers Redirect 1	1620906105909	1620906106225	OK	 
USER	Computer Scenario	END	1620906106226
REQUEST		getComputers	1620906105590	1620906106227	OK	 
REQUEST		postComputers	1620906106064	1620906106381	OK	 
REQUEST		addNewComputer	1620906106228	1620906106546	OK	 
USER	Computer Scenario	START	1620906106630
REQUEST		postComputers Redirect 1	1620906106382	1620906106702	OK	 
USER	Computer Scenario	END	1620906106703
REQUEST		getComputers	1620906106090	1620906106722	OK	 
REQUEST		postComputers	1620906106547	1620906106864	OK	 
REQUEST		addNewComputer	1620906106723	1620906107041	OK	 
USER	Computer Scenario	START	1620906107096
REQUEST		postComputers Redirect 1	1620906106865	1620906107185	OK	 
USER	Computer Scenario	END	1620906107186
REQUEST		getComputers	1620906106631	1620906107278	OK	 
REQUEST		postComputers	1620906107042	1620906107361	OK	 
REQUEST		addNewComputer	1620906107278	1620906107601	OK	 
REQUEST		postComputers Redirect 1	1620906107361	1620906107679	OK	 
USER	Computer Scenario	END	1620906107679
REQUEST		getComputers	1620906107096	1620906107718	OK	 
REQUEST		postComputers	1620906107602	1620906107920	OK	 
REQUEST		addNewComputer	1620906107720	1620906108035	OK	 
REQUEST		postComputers Redirect 1	1620906107920	1620906108234	OK	 
USER	Computer Scenario	END	1620906108236
REQUEST		postComputers	1620906108035	1620906108348	OK	 
REQUEST		postComputers Redirect 1	1620906108349	1620906108661	OK	 
USER	Computer Scenario	END	1620906108662
